Analysis & Synthesis report for HeartFitTimerSystem
Sun Dec  8 21:31:10 2024
Quartus Prime Version 21.1.1 Build 850 06/23/2022 SJ Lite Edition


---------------------
; Table of Contents ;
---------------------
  1. Legal Notice
  2. Analysis & Synthesis Summary
  3. Analysis & Synthesis Settings
  4. Parallel Compilation
  5. Analysis & Synthesis Source Files Read
  6. Analysis & Synthesis Resource Usage Summary
  7. Analysis & Synthesis Resource Utilization by Entity
  8. Registers Removed During Synthesis
  9. General Register Statistics
 10. Inverted Register Statistics
 11. Multiplexer Restructuring Statistics (Restructuring Performed)
 12. Post-Synthesis Netlist Statistics for Top Partition
 13. Elapsed Time Per Partition
 14. Analysis & Synthesis Messages



----------------
; Legal Notice ;
----------------
Copyright (C) 2022  Intel Corporation. All rights reserved.
Your use of Intel Corporation's design tools, logic functions 
and other software and tools, and any partner logic 
functions, and any output files from any of the foregoing 
(including device programming or simulation files), and any 
associated documentation or information are expressly subject 
to the terms and conditions of the Intel Program License 
Subscription Agreement, the Intel Quartus Prime License Agreement,
the Intel FPGA IP License Agreement, or other applicable license
agreement, including, without limitation, that your use is for
the sole purpose of programming logic devices manufactured by
Intel and sold by Intel or its authorized distributors.  Please
refer to the applicable agreement for further details, at
https://fpgasoftware.intel.com/eula.



+-------------------------------------------------------------------------------+
; Analysis & Synthesis Summary                                                  ;
+---------------------------------+---------------------------------------------+
; Analysis & Synthesis Status     ; Successful - Sun Dec  8 21:31:10 2024       ;
; Quartus Prime Version           ; 21.1.1 Build 850 06/23/2022 SJ Lite Edition ;
; Revision Name                   ; HeartFitTimerSystem                         ;
; Top-level Entity Name           ; HeartFitTimerSystem                         ;
; Family                          ; Cyclone V                                   ;
; Logic utilization (in ALMs)     ; N/A                                         ;
; Total registers                 ; 100                                         ;
; Total pins                      ; 85                                          ;
; Total virtual pins              ; 0                                           ;
; Total block memory bits         ; 0                                           ;
; Total DSP Blocks                ; 0                                           ;
; Total HSSI RX PCSs              ; 0                                           ;
; Total HSSI PMA RX Deserializers ; 0                                           ;
; Total HSSI TX PCSs              ; 0                                           ;
; Total HSSI PMA TX Serializers   ; 0                                           ;
; Total PLLs                      ; 0                                           ;
; Total DLLs                      ; 0                                           ;
+---------------------------------+---------------------------------------------+


+-----------------------------------------------------------------------------------------------------------------------------+
; Analysis & Synthesis Settings                                                                                               ;
+---------------------------------------------------------------------------------+---------------------+---------------------+
; Option                                                                          ; Setting             ; Default Value       ;
+---------------------------------------------------------------------------------+---------------------+---------------------+
; Device                                                                          ; 5CGXFC7C7F23C8      ;                     ;
; Top-level entity name                                                           ; HeartFitTimerSystem ; HeartFitTimerSystem ;
; Family name                                                                     ; Cyclone V           ; Cyclone V           ;
; Use smart compilation                                                           ; Off                 ; Off                 ;
; Enable parallel Assembler and Timing Analyzer during compilation                ; On                  ; On                  ;
; Enable compact report table                                                     ; Off                 ; Off                 ;
; Restructure Multiplexers                                                        ; Auto                ; Auto                ;
; MLAB Add Timing Constraints For Mixed-Port Feed-Through Mode Setting Don't Care ; Off                 ; Off                 ;
; Create Debugging Nodes for IP Cores                                             ; Off                 ; Off                 ;
; Preserve fewer node names                                                       ; On                  ; On                  ;
; Intel FPGA IP Evaluation Mode                                                   ; Enable              ; Enable              ;
; Verilog Version                                                                 ; Verilog_2001        ; Verilog_2001        ;
; VHDL Version                                                                    ; VHDL_1993           ; VHDL_1993           ;
; State Machine Processing                                                        ; Auto                ; Auto                ;
; Safe State Machine                                                              ; Off                 ; Off                 ;
; Extract Verilog State Machines                                                  ; On                  ; On                  ;
; Extract VHDL State Machines                                                     ; On                  ; On                  ;
; Ignore Verilog initial constructs                                               ; Off                 ; Off                 ;
; Iteration limit for constant Verilog loops                                      ; 5000                ; 5000                ;
; Iteration limit for non-constant Verilog loops                                  ; 250                 ; 250                 ;
; Add Pass-Through Logic to Inferred RAMs                                         ; On                  ; On                  ;
; Infer RAMs from Raw Logic                                                       ; On                  ; On                  ;
; Parallel Synthesis                                                              ; On                  ; On                  ;
; DSP Block Balancing                                                             ; Auto                ; Auto                ;
; NOT Gate Push-Back                                                              ; On                  ; On                  ;
; Power-Up Don't Care                                                             ; On                  ; On                  ;
; Remove Redundant Logic Cells                                                    ; Off                 ; Off                 ;
; Remove Duplicate Registers                                                      ; On                  ; On                  ;
; Ignore CARRY Buffers                                                            ; Off                 ; Off                 ;
; Ignore CASCADE Buffers                                                          ; Off                 ; Off                 ;
; Ignore GLOBAL Buffers                                                           ; Off                 ; Off                 ;
; Ignore ROW GLOBAL Buffers                                                       ; Off                 ; Off                 ;
; Ignore LCELL Buffers                                                            ; Off                 ; Off                 ;
; Ignore SOFT Buffers                                                             ; On                  ; On                  ;
; Limit AHDL Integers to 32 Bits                                                  ; Off                 ; Off                 ;
; Optimization Technique                                                          ; Balanced            ; Balanced            ;
; Carry Chain Length                                                              ; 70                  ; 70                  ;
; Auto Carry Chains                                                               ; On                  ; On                  ;
; Auto Open-Drain Pins                                                            ; On                  ; On                  ;
; Perform WYSIWYG Primitive Resynthesis                                           ; Off                 ; Off                 ;
; Auto ROM Replacement                                                            ; On                  ; On                  ;
; Auto RAM Replacement                                                            ; On                  ; On                  ;
; Auto DSP Block Replacement                                                      ; On                  ; On                  ;
; Auto Shift Register Replacement                                                 ; Auto                ; Auto                ;
; Allow Shift Register Merging across Hierarchies                                 ; Auto                ; Auto                ;
; Auto Clock Enable Replacement                                                   ; On                  ; On                  ;
; Strict RAM Replacement                                                          ; Off                 ; Off                 ;
; Allow Synchronous Control Signals                                               ; On                  ; On                  ;
; Force Use of Synchronous Clear Signals                                          ; Off                 ; Off                 ;
; Auto Resource Sharing                                                           ; Off                 ; Off                 ;
; Allow Any RAM Size For Recognition                                              ; Off                 ; Off                 ;
; Allow Any ROM Size For Recognition                                              ; Off                 ; Off                 ;
; Allow Any Shift Register Size For Recognition                                   ; Off                 ; Off                 ;
; Use LogicLock Constraints during Resource Balancing                             ; On                  ; On                  ;
; Ignore translate_off and synthesis_off directives                               ; Off                 ; Off                 ;
; Timing-Driven Synthesis                                                         ; On                  ; On                  ;
; Report Parameter Settings                                                       ; On                  ; On                  ;
; Report Source Assignments                                                       ; On                  ; On                  ;
; Report Connectivity Checks                                                      ; On                  ; On                  ;
; Ignore Maximum Fan-Out Assignments                                              ; Off                 ; Off                 ;
; Synchronization Register Chain Length                                           ; 3                   ; 3                   ;
; Power Optimization During Synthesis                                             ; Normal compilation  ; Normal compilation  ;
; HDL message level                                                               ; Level2              ; Level2              ;
; Suppress Register Optimization Related Messages                                 ; Off                 ; Off                 ;
; Number of Removed Registers Reported in Synthesis Report                        ; 5000                ; 5000                ;
; Number of Swept Nodes Reported in Synthesis Report                              ; 5000                ; 5000                ;
; Number of Inverted Registers Reported in Synthesis Report                       ; 100                 ; 100                 ;
; Clock MUX Protection                                                            ; On                  ; On                  ;
; Auto Gated Clock Conversion                                                     ; Off                 ; Off                 ;
; Block Design Naming                                                             ; Auto                ; Auto                ;
; SDC constraint protection                                                       ; Off                 ; Off                 ;
; Synthesis Effort                                                                ; Auto                ; Auto                ;
; Shift Register Replacement - Allow Asynchronous Clear Signal                    ; On                  ; On                  ;
; Pre-Mapping Resynthesis Optimization                                            ; Off                 ; Off                 ;
; Analysis & Synthesis Message Level                                              ; Medium              ; Medium              ;
; Disable Register Merging Across Hierarchies                                     ; Auto                ; Auto                ;
; Resource Aware Inference For Block RAM                                          ; On                  ; On                  ;
; Automatic Parallel Synthesis                                                    ; On                  ; On                  ;
; Partial Reconfiguration Bitstream ID                                            ; Off                 ; Off                 ;
+---------------------------------------------------------------------------------+---------------------+---------------------+


+------------------------------------------+
; Parallel Compilation                     ;
+----------------------------+-------------+
; Processors                 ; Number      ;
+----------------------------+-------------+
; Number detected on machine ; 8           ;
; Maximum allowed            ; 4           ;
;                            ;             ;
; Average used               ; 1.00        ;
; Maximum used               ; 4           ;
;                            ;             ;
; Usage by Processor         ; % Time Used ;
;     Processor 1            ; 100.0%      ;
;     Processors 2-4         ;   0.0%      ;
+----------------------------+-------------+


+----------------------------------------------------------------------------------------------------------------------------------------------------------------+
; Analysis & Synthesis Source Files Read                                                                                                                         ;
+----------------------------------+-----------------+-----------------------+-------------------------------------------------------------------------+---------+
; File Name with User-Entered Path ; Used in Netlist ; File Type             ; File Name with Absolute Path                                            ; Library ;
+----------------------------------+-----------------+-----------------------+-------------------------------------------------------------------------+---------+
; heartfittimersystem.vhd          ; yes             ; Auto-Found VHDL File  ; D:/Fauzan/Fauzan Programming/PSD/Proyek Akhir 4/heartfittimersystem.vhd ;         ;
; clockdivider.vhd                 ; yes             ; Auto-Found VHDL File  ; D:/Fauzan/Fauzan Programming/PSD/Proyek Akhir 4/clockdivider.vhd        ;         ;
; timercore.vhd                    ; yes             ; Auto-Found VHDL File  ; D:/Fauzan/Fauzan Programming/PSD/Proyek Akhir 4/timercore.vhd           ;         ;
; calorieburn.vhd                  ; yes             ; Auto-Found VHDL File  ; D:/Fauzan/Fauzan Programming/PSD/Proyek Akhir 4/calorieburn.vhd         ;         ;
+----------------------------------+-----------------+-----------------------+-------------------------------------------------------------------------+---------+


+-------------------------------------------------------------------------------------+
; Analysis & Synthesis Resource Usage Summary                                         ;
+---------------------------------------------+---------------------------------------+
; Resource                                    ; Usage                                 ;
+---------------------------------------------+---------------------------------------+
; Estimate of Logic utilization (ALMs needed) ; 54                                    ;
;                                             ;                                       ;
; Combinational ALUT usage for logic          ; 72                                    ;
;     -- 7 input functions                    ; 0                                     ;
;     -- 6 input functions                    ; 15                                    ;
;     -- 5 input functions                    ; 6                                     ;
;     -- 4 input functions                    ; 10                                    ;
;     -- <=3 input functions                  ; 41                                    ;
;                                             ;                                       ;
; Dedicated logic registers                   ; 100                                   ;
;                                             ;                                       ;
; I/O pins                                    ; 85                                    ;
;                                             ;                                       ;
; Total DSP Blocks                            ; 0                                     ;
;                                             ;                                       ;
; Maximum fan-out node                        ; ClockDivider:ClockDividerInst|clk_div ;
; Maximum fan-out                             ; 97                                    ;
; Total fan-out                               ; 785                                   ;
; Average fan-out                             ; 2.30                                  ;
+---------------------------------------------+---------------------------------------+


+---------------------------------------------------------------------------------------------------------------------------------------------------------------------------------------------------------------------------------------+
; Analysis & Synthesis Resource Utilization by Entity                                                                                                                                                                                   ;
+------------------------------------+---------------------+---------------------------+-------------------+------------+------+--------------+----------------------------------------------------+---------------------+--------------+
; Compilation Hierarchy Node         ; Combinational ALUTs ; Dedicated Logic Registers ; Block Memory Bits ; DSP Blocks ; Pins ; Virtual Pins ; Full Hierarchy Name                                ; Entity Name         ; Library Name ;
+------------------------------------+---------------------+---------------------------+-------------------+------------+------+--------------+----------------------------------------------------+---------------------+--------------+
; |HeartFitTimerSystem               ; 72 (29)             ; 100 (64)                  ; 0                 ; 0          ; 85   ; 0            ; |HeartFitTimerSystem                               ; HeartFitTimerSystem ; work         ;
;    |CalorieBurn:CalorieBurnInst|   ; 21 (21)             ; 20 (20)                   ; 0                 ; 0          ; 0    ; 0            ; |HeartFitTimerSystem|CalorieBurn:CalorieBurnInst   ; CalorieBurn         ; work         ;
;    |ClockDivider:ClockDividerInst| ; 4 (4)               ; 4 (4)                     ; 0                 ; 0          ; 0    ; 0            ; |HeartFitTimerSystem|ClockDivider:ClockDividerInst ; ClockDivider        ; work         ;
;    |TimerCore:TimerCoreInst|       ; 18 (18)             ; 12 (12)                   ; 0                 ; 0          ; 0    ; 0            ; |HeartFitTimerSystem|TimerCore:TimerCoreInst       ; TimerCore           ; work         ;
+------------------------------------+---------------------+---------------------------+-------------------+------------+------+--------------+----------------------------------------------------+---------------------+--------------+
Note: For table entries with two numbers listed, the numbers in parentheses indicate the number of resources of the given type used by the specific entity alone. The numbers listed outside of parentheses indicate the total resources of the given type used by the specific entity and all of its sub-entities in the hierarchy.


+--------------------------------------------------------------------------------------------+
; Registers Removed During Synthesis                                                         ;
+----------------------------------------------+---------------------------------------------+
; Register name                                ; Reason for Removal                          ;
+----------------------------------------------+---------------------------------------------+
; heart_rate[0]                                ; Stuck at GND due to stuck port data_in      ;
; CalorieBurn:CalorieBurnInst|burn_rate[6..31] ; Stuck at GND due to stuck port data_in      ;
; TimerCore:TimerCoreInst|max_levels[3..31]    ; Stuck at GND due to stuck port data_in      ;
; TimerCore:TimerCoreInst|max_levels[0]        ; Stuck at VCC due to stuck port data_in      ;
; TimerCore:TimerCoreInst|max_levels[1,2]      ; Merged with TimerCore:TimerCoreInst|mode[0] ;
; Total Number of Removed Registers = 59       ;                                             ;
+----------------------------------------------+---------------------------------------------+


+------------------------------------------------------+
; General Register Statistics                          ;
+----------------------------------------------+-------+
; Statistic                                    ; Value ;
+----------------------------------------------+-------+
; Total registers                              ; 100   ;
; Number of registers using Synchronous Clear  ; 0     ;
; Number of registers using Synchronous Load   ; 1     ;
; Number of registers using Asynchronous Clear ; 83    ;
; Number of registers using Asynchronous Load  ; 0     ;
; Number of registers using Clock Enable       ; 84    ;
; Number of registers using Preset             ; 0     ;
+----------------------------------------------+-------+


+--------------------------------------------------+
; Inverted Register Statistics                     ;
+----------------------------------------+---------+
; Inverted Register                      ; Fan out ;
+----------------------------------------+---------+
; TimerCore:TimerCoreInst|level[0]       ; 18      ;
; Total number of inverted registers = 1 ;         ;
+----------------------------------------+---------+


+-----------------------------------------------------------------------------------------------------------------------------------------------------------------------------+
; Multiplexer Restructuring Statistics (Restructuring Performed)                                                                                                              ;
+--------------------+-----------+---------------+----------------------+------------------------+------------+---------------------------------------------------------------+
; Multiplexer Inputs ; Bus Width ; Baseline Area ; Area if Restructured ; Saving if Restructured ; Registered ; Example Multiplexer Output                                    ;
+--------------------+-----------+---------------+----------------------+------------------------+------------+---------------------------------------------------------------+
; 4:1                ; 2 bits    ; 4 LEs         ; 4 LEs                ; 0 LEs                  ; Yes        ; |HeartFitTimerSystem|CalorieBurn:CalorieBurnInst|burn_rate[3] ;
; 5:1                ; 5 bits    ; 15 LEs        ; 15 LEs               ; 0 LEs                  ; Yes        ; |HeartFitTimerSystem|heart_rate[2]                            ;
+--------------------+-----------+---------------+----------------------+------------------------+------------+---------------------------------------------------------------+


+-----------------------------------------------------+
; Post-Synthesis Netlist Statistics for Top Partition ;
+-----------------------+-----------------------------+
; Type                  ; Count                       ;
+-----------------------+-----------------------------+
; arriav_ff             ; 100                         ;
;     CLR               ; 12                          ;
;     ENA               ; 12                          ;
;     ENA CLR           ; 71                          ;
;     ENA SLD           ; 1                           ;
;     plain             ; 4                           ;
; arriav_lcell_comb     ; 74                          ;
;     arith             ; 34                          ;
;         1 data inputs ; 27                          ;
;         2 data inputs ; 7                           ;
;     normal            ; 40                          ;
;         0 data inputs ; 1                           ;
;         1 data inputs ; 2                           ;
;         2 data inputs ; 1                           ;
;         3 data inputs ; 5                           ;
;         4 data inputs ; 10                          ;
;         5 data inputs ; 6                           ;
;         6 data inputs ; 15                          ;
; boundary_port         ; 85                          ;
;                       ;                             ;
; Max LUT depth         ; 2.60                        ;
; Average LUT depth     ; 1.34                        ;
+-----------------------+-----------------------------+


+-------------------------------+
; Elapsed Time Per Partition    ;
+----------------+--------------+
; Partition Name ; Elapsed Time ;
+----------------+--------------+
; Top            ; 00:00:00     ;
+----------------+--------------+


+-------------------------------+
; Analysis & Synthesis Messages ;
+-------------------------------+
Info: *******************************************************************
Info: Running Quartus Prime Analysis & Synthesis
    Info: Version 21.1.1 Build 850 06/23/2022 SJ Lite Edition
    Info: Processing started: Sun Dec  8 21:30:59 2024
Info: Command: quartus_map --read_settings_files=on --write_settings_files=off HeartFitTimerSystem -c HeartFitTimerSystem
Warning (18236): Number of processors has not been specified which may cause overloading on shared machines.  Set the global assignment NUM_PARALLEL_PROCESSORS in your QSF to an appropriate value for best performance.
Info (20030): Parallel compilation is enabled and will use 4 of the 4 processors detected
Warning (12125): Using design file heartfittimersystem.vhd, which is not specified as a design file for the current project, but contains definitions for 2 design units and 1 entities in project
    Info (12022): Found design unit 1: HeartFitTimerSystem-HeartFitTimerSystem_Arch File: D:/Fauzan/Fauzan Programming/PSD/Proyek Akhir 4/heartfittimersystem.vhd Line: 20
    Info (12023): Found entity 1: HeartFitTimerSystem File: D:/Fauzan/Fauzan Programming/PSD/Proyek Akhir 4/heartfittimersystem.vhd Line: 5
Info (12127): Elaborating entity "HeartFitTimerSystem" for the top level hierarchy
Warning (12125): Using design file clockdivider.vhd, which is not specified as a design file for the current project, but contains definitions for 2 design units and 1 entities in project
    Info (12022): Found design unit 1: ClockDivider-Behavioral File: D:/Fauzan/Fauzan Programming/PSD/Proyek Akhir 4/clockdivider.vhd Line: 11
    Info (12023): Found entity 1: ClockDivider File: D:/Fauzan/Fauzan Programming/PSD/Proyek Akhir 4/clockdivider.vhd Line: 4
Info (12128): Elaborating entity "ClockDivider" for hierarchy "ClockDivider:ClockDividerInst" File: D:/Fauzan/Fauzan Programming/PSD/Proyek Akhir 4/heartfittimersystem.vhd Line: 91
Warning (12125): Using design file timercore.vhd, which is not specified as a design file for the current project, but contains definitions for 2 design units and 1 entities in project
    Info (12022): Found design unit 1: TimerCore-Behavioral File: D:/Fauzan/Fauzan Programming/PSD/Proyek Akhir 4/timercore.vhd Line: 16
    Info (12023): Found entity 1: TimerCore File: D:/Fauzan/Fauzan Programming/PSD/Proyek Akhir 4/timercore.vhd Line: 5
Info (12128): Elaborating entity "TimerCore" for hierarchy "TimerCore:TimerCoreInst" File: D:/Fauzan/Fauzan Programming/PSD/Proyek Akhir 4/heartfittimersystem.vhd Line: 97
Warning (12125): Using design file calorieburn.vhd, which is not specified as a design file for the current project, but contains definitions for 2 design units and 1 entities in project
    Info (12022): Found design unit 1: CalorieBurn-Behavioral File: D:/Fauzan/Fauzan Programming/PSD/Proyek Akhir 4/calorieburn.vhd Line: 16
    Info (12023): Found entity 1: CalorieBurn File: D:/Fauzan/Fauzan Programming/PSD/Proyek Akhir 4/calorieburn.vhd Line: 5
Info (12128): Elaborating entity "CalorieBurn" for hierarchy "CalorieBurn:CalorieBurnInst" File: D:/Fauzan/Fauzan Programming/PSD/Proyek Akhir 4/heartfittimersystem.vhd Line: 107
Warning (13024): Output pins are stuck at VCC or GND
    Warning (13410): Pin "heart_pulse[0]" is stuck at GND File: D:/Fauzan/Fauzan Programming/PSD/Proyek Akhir 4/heartfittimersystem.vhd Line: 10
Info (286030): Timing-Driven Synthesis is running
Info (16010): Generating hard_block partition "hard_block:auto_generated_inst"
    Info (16011): Adding 0 node(s), including 0 DDIO, 0 PLL, 0 transceiver and 0 LCELL
Info (21057): Implemented 197 device resources after synthesis - the final resource count might be different
    Info (21058): Implemented 3 input pins
    Info (21059): Implemented 82 output pins
    Info (21061): Implemented 112 logic cells
Info: Quartus Prime Analysis & Synthesis was successful. 0 errors, 7 warnings
    Info: Peak virtual memory: 4888 megabytes
    Info: Processing ended: Sun Dec  8 21:31:10 2024
    Info: Elapsed time: 00:00:11
    Info: Total CPU time (on all processors): 00:00:17


